<?xml version="1.0" encoding="UTF-8"?>
<testng-results skipped="0" failed="0" ignored="0" total="1" passed="1">
  <reporter-output>
  </reporter-output>
  <suite name="All Test Suite" duration-ms="32258" started-at="2021-06-20T12:52:23Z" finished-at="2021-06-20T12:52:55Z">
    <groups>
    </groups>
    <test name="test" duration-ms="32258" started-at="2021-06-20T12:52:23Z" finished-at="2021-06-20T12:52:55Z">
      <class name="org.nuvepro.container.chrome.nodes.ChromeNode1">
        <test-method status="PASS" signature="setupLocalDriver()[pri:0, instance:org.nuvepro.container.chrome.nodes.ChromeNode1@3427b02d]" name="setupLocalDriver" is-config="true" duration-ms="5344" started-at="2021-06-20T12:52:23Z" finished-at="2021-06-20T12:52:28Z">
          <reporter-output>
          </reporter-output>
        </test-method> <!-- setupLocalDriver -->
        <test-method status="PASS" signature="chromeNode1()[pri:0, instance:org.nuvepro.container.chrome.nodes.ChromeNode1@3427b02d]" name="chromeNode1" duration-ms="26037" started-at="2021-06-20T12:52:28Z" finished-at="2021-06-20T12:52:54Z">
          <reporter-output>
          </reporter-output>
        </test-method> <!-- chromeNode1 -->
        <test-method status="PASS" signature="tearDown()[pri:0, instance:org.nuvepro.container.chrome.nodes.ChromeNode1@3427b02d]" name="tearDown" is-config="true" duration-ms="847" started-at="2021-06-20T12:52:54Z" finished-at="2021-06-20T12:52:55Z">
          <reporter-output>
          </reporter-output>
        </test-method> <!-- tearDown -->
      </class> <!-- org.nuvepro.container.chrome.nodes.ChromeNode1 -->
    </test> <!-- test -->
  </suite> <!-- All Test Suite -->
</testng-results>
