<?xml version="1.0" encoding="UTF-8"?>
<!-- Generated by org.testng.reporters.JUnitXMLReporter -->
<testsuite hostname="LT-Rishi" ignored="1" name="test" tests="1" failures="0" timestamp="21 Jun 2021 09:35:33 GMT" time="104.79" errors="0">
  <testcase name="chromeNode1_CheckURLs" time="96.575" classname="org.nuvepro.container.chrome.nodes.ChromeNode1"/>
  <testcase name="chromeNode1_BaseURL" time="0.0" classname="org.nuvepro.container.chrome.nodes.ChromeNode1">
    <ignored/>
  </testcase> <!-- chromeNode1_BaseURL -->
</testsuite> <!-- test -->
